<?xml version="1.0" encoding="UTF-8"?>
<!-- Generated by org.testng.reporters.JUnitReportReporter -->
<testsuite hostname="DESKTOP-E71U01U" failures="0" tests="1" name="fh.aalen.test.SimpleTestExample" time="7.438" errors="0" timestamp="2025-06-22T23:03:28 MESZ" skipped="0">
  <testcase classname="fh.aalen.test.SimpleTestExample" name="AddVideoTest" time="7.438"/>
</testsuite> <!-- fh.aalen.test.SimpleTestExample -->
