<?xml version="1.0" encoding="UTF-8"?>
<!-- Generated by org.testng.reporters.JUnitReportReporter -->
<testsuite hostname="LAPTOP-SJVH05D3" failures="0" tests="1" name="fh.aalen.VideoServiceTest" time="0.373" errors="0" timestamp="2025-05-20T17:07:14 MESZ" skipped="0">
  <testcase classname="fh.aalen.VideoServiceTest" name="testGetVideoListIsNotNull" time="0.373"/>
</testsuite> <!-- fh.aalen.VideoServiceTest -->
