<?xml version="1.0" encoding="UTF-8"?>
<!-- Generated by org.testng.reporters.JUnitReportReporter -->
<testsuite hostname="DESKTOP-E71U01U" failures="0" tests="3" name="fh.aalen.test.VideoServiceValidationTests" time="0.455" errors="0" timestamp="2025-06-22T19:14:23 MESZ" skipped="0">
  <testcase classname="fh.aalen.test.VideoServiceValidationTests" name="testAddNullVideo" time="0.429"/>
  <testcase classname="fh.aalen.test.VideoServiceValidationTests" name="testUpdateNonExistentVideo" time="0.004"/>
  <testcase classname="fh.aalen.test.VideoServiceValidationTests" name="testDeleteNonExistentVideo" time="0.022"/>
</testsuite> <!-- fh.aalen.test.VideoServiceValidationTests -->
