<?xml version="1.0" encoding="UTF-8"?>
<!-- Generated by org.testng.reporters.JUnitReportReporter -->
<testsuite hostname="DESKTOP-E71U01U" failures="0" tests="1" name="fh.aalen.VideoServiceTest" time="0.442" errors="0" timestamp="2025-06-11T12:47:01 MESZ" skipped="0">
  <testcase classname="fh.aalen.VideoServiceTest" name="testGetVideoListIsNotNull" time="0.442"/>
</testsuite> <!-- fh.aalen.VideoServiceTest -->
