<?xml version="1.0" encoding="UTF-8"?>
<!-- Generated by org.testng.reporters.JUnitReportReporter -->
<testsuite hostname="DESKTOP-E71U01U" failures="0" tests="3" name="fh.aalen.test.PersonServiceTest" time="0.033" errors="0" timestamp="2025-06-19T13:31:23 MESZ" skipped="0">
  <testcase classname="fh.aalen.test.PersonServiceTest" name="testAddPerson" time="0.019"/>
  <testcase classname="fh.aalen.test.PersonServiceTest" name="testUpdatePersonNotFound" time="0.006"/>
  <testcase classname="fh.aalen.test.PersonServiceTest" name="testAddPerson" time="0.008"/>
</testsuite> <!-- fh.aalen.test.PersonServiceTest -->
