<?xml version="1.0" encoding="UTF-8"?>
<!-- Generated by org.testng.reporters.JUnitReportReporter -->
<testsuite hostname="DESKTOP-E71U01U" failures="0" tests="1" name="fh.aalen.test.VideoServiceTest2" time="0.437" errors="0" timestamp="2025-06-20T21:58:48 MESZ" skipped="0">
  <testcase classname="fh.aalen.test.VideoServiceTest2" name="testAddAndGetVideo" time="0.437"/>
</testsuite> <!-- fh.aalen.test.VideoServiceTest2 -->
