<?xml version="1.0" encoding="UTF-8"?>
<!-- Generated by org.testng.reporters.JUnitReportReporter -->
<testsuite hostname="DESKTOP-E71U01U" failures="0" tests="5" name="fh.aalen.test.GroupedTests" time="23.596" errors="0" timestamp="2025-06-22T23:51:47 MESZ" skipped="0">
  <testcase classname="fh.aalen.test.GroupedTests" name="testCreateVideo" time="5.425"/>
  <testcase classname="fh.aalen.test.GroupedTests" name="testReadVideoById" time="3.041"/>
  <testcase classname="fh.aalen.test.GroupedTests" name="testGetAllVideos" time="6.049"/>
  <testcase classname="fh.aalen.test.GroupedTests" name="testUpdateVideo" time="3.042"/>
  <testcase classname="fh.aalen.test.GroupedTests" name="testDeleteVideo" time="6.039"/>
</testsuite> <!-- fh.aalen.test.GroupedTests -->
