<?xml version="1.0" encoding="UTF-8"?>
<!-- Generated by org.testng.reporters.JUnitReportReporter -->
<testsuite hostname="DESKTOP-E71U01U" failures="0" tests="1" name="fh.aalen.test.LibraryTest" time="0.002" errors="0" timestamp="2025-06-19T13:31:23 MESZ" skipped="0">
  <testcase classname="fh.aalen.test.LibraryTest" name="testSomeLibraryMethod" time="0.002"/>
</testsuite> <!-- fh.aalen.test.LibraryTest -->
