<?xml version="1.0" encoding="UTF-8"?>
<!-- Generated by org.testng.reporters.JUnitReportReporter -->
<testsuite hostname="DESKTOP-E71U01U" failures="0" tests="10" name="fh.aalen.test.VideoDataDrivenTests" time="25.514" errors="0" timestamp="2025-06-22T19:08:47 MESZ" skipped="0">
  <testcase classname="fh.aalen.test.VideoDataDrivenTests" name="testAddVideoWithGenre" time="5.011"/>
  <testcase classname="fh.aalen.test.VideoDataDrivenTests" name="testAddVideoWithGenre" time="5.009"/>
  <testcase classname="fh.aalen.test.VideoDataDrivenTests" name="testAddVideoWithGenre" time="5.010"/>
  <testcase classname="fh.aalen.test.VideoDataDrivenTests" name="testAddVideoWithGenre" time="5.013"/>
  <testcase classname="fh.aalen.test.VideoDataDrivenTests" name="testAddVideoWithGenre" time="5.037"/>
  <testcase classname="fh.aalen.test.VideoDataDrivenTests" name="testCreateVideoWithCombinations" time="0.006"/>
  <testcase classname="fh.aalen.test.VideoDataDrivenTests" name="testCreateVideoWithCombinations" time="0.005"/>
  <testcase classname="fh.aalen.test.VideoDataDrivenTests" name="testCreateVideoWithCombinations" time="0.005"/>
  <testcase classname="fh.aalen.test.VideoDataDrivenTests" name="testCreateVideoWithCombinations" time="0.411"/>
  <testcase classname="fh.aalen.test.VideoDataDrivenTests" name="testCreateVideoWithCombinations" time="0.007"/>
</testsuite> <!-- fh.aalen.test.VideoDataDrivenTests -->
