<?xml version="1.0" encoding="UTF-8"?>
<!-- Generated by org.testng.reporters.JUnitReportReporter -->
<testsuite hostname="DESKTOP-E71U01U" failures="0" tests="2" name="fh.aalen.test.TestLifecycleDemo" time="0.006" errors="0" timestamp="2025-06-19T13:31:23 MESZ" skipped="0">
  <testcase classname="fh.aalen.test.TestLifecycleDemo" name="parameterizedTest" time="0.003"/>
  <testcase classname="fh.aalen.test.TestLifecycleDemo" name="demoTest" time="0.003"/>
</testsuite> <!-- fh.aalen.test.TestLifecycleDemo -->
