<?xml version="1.0" encoding="UTF-8"?>
<!-- Generated by org.testng.reporters.JUnitReportReporter -->
<testsuite hostname="DESKTOP-E71U01U" failures="0" tests="4" name="fh.aalen.test.VideoServiceTest" time="0.035" errors="0" timestamp="2025-06-20T11:40:27 MESZ" skipped="0">
  <testcase classname="fh.aalen.test.VideoServiceTest" name="createVideo" time="0.008"/>
  <testcase classname="fh.aalen.test.VideoServiceTest" name="readVideo" time="0.001"/>
  <testcase classname="fh.aalen.test.VideoServiceTest" name="updateVideo" time="0.024"/>
  <testcase classname="fh.aalen.test.VideoServiceTest" name="deleteVideo" time="0.002"/>
</testsuite> <!-- fh.aalen.test.VideoServiceTest -->
