<?xml version="1.0" encoding="UTF-8"?>
<!-- Generated by org.testng.reporters.JUnitReportReporter -->
<testsuite hostname="Manuel" failures="0" tests="3" name="fh.aalen.test.GroupedTests" time="11.991" errors="0" timestamp="2025-06-24T10:50:29 MESZ" skipped="0">
  <testcase classname="fh.aalen.test.GroupedTests" name="testCreateVideo" time="5.037"/>
  <testcase classname="fh.aalen.test.GroupedTests" name="testReadVideoById" time="3.905"/>
  <testcase classname="fh.aalen.test.GroupedTests" name="testUpdateVideo" time="3.049"/>
</testsuite> <!-- fh.aalen.test.GroupedTests -->
