<?xml version="1.0" encoding="UTF-8"?>
<!-- Generated by org.testng.reporters.JUnitReportReporter -->
<testsuite hostname="Manuel" failures="0" tests="5" name="fh.aalen.test.DataProviderTests" time="0.930" errors="0" timestamp="2025-06-24T10:52:50 MESZ" skipped="0">
  <testcase classname="fh.aalen.test.DataProviderTests" name="testCreateVideoWithCombinations" time="0.844"/>
  <testcase classname="fh.aalen.test.DataProviderTests" name="testCreateVideoWithCombinations" time="0.016"/>
  <testcase classname="fh.aalen.test.DataProviderTests" name="testCreateVideoWithCombinations" time="0.013"/>
  <testcase classname="fh.aalen.test.DataProviderTests" name="testCreateVideoWithCombinations" time="0.036"/>
  <testcase classname="fh.aalen.test.DataProviderTests" name="testCreateVideoWithCombinations" time="0.021"/>
</testsuite> <!-- fh.aalen.test.DataProviderTests -->
