<?xml version="1.0" encoding="UTF-8"?>
<!-- Generated by org.testng.reporters.JUnitReportReporter -->
<testsuite hostname="DESKTOP-E71U01U" failures="0" tests="5" name="fh.aalen.test.VideoDataDrivenTests" time="0.621" errors="0" timestamp="2025-06-23T00:47:09 MESZ" skipped="0">
  <testcase classname="fh.aalen.test.VideoDataDrivenTests" name="testCreateVideoWithCombinations" time="0.121"/>
  <testcase classname="fh.aalen.test.VideoDataDrivenTests" name="testCreateVideoWithCombinations" time="0.012"/>
  <testcase classname="fh.aalen.test.VideoDataDrivenTests" name="testCreateVideoWithCombinations" time="0.005"/>
  <testcase classname="fh.aalen.test.VideoDataDrivenTests" name="testCreateVideoWithCombinations" time="0.006"/>
  <testcase classname="fh.aalen.test.VideoDataDrivenTests" name="testCreateVideoWithCombinations" time="0.477"/>
</testsuite> <!-- fh.aalen.test.VideoDataDrivenTests -->
