<?xml version="1.0" encoding="UTF-8"?>
<!-- Generated by org.testng.reporters.JUnitReportReporter -->
<testsuite hostname="DESKTOP-E71U01U" failures="0" tests="5" name="fh.aalen.test.GroupedTests" time="23.546" errors="0" timestamp="2025-06-22T17:28:30 MESZ" skipped="0">
  <testcase classname="fh.aalen.test.GroupedTests" name="testCreateVideo" time="5.034"/>
  <testcase classname="fh.aalen.test.GroupedTests" name="testReadVideoById" time="3.017"/>
  <testcase classname="fh.aalen.test.GroupedTests" name="testGetAllVideos" time="6.028"/>
  <testcase classname="fh.aalen.test.GroupedTests" name="testUpdateVideo" time="3.434"/>
  <testcase classname="fh.aalen.test.GroupedTests" name="testDeleteVideo" time="6.033"/>
</testsuite> <!-- fh.aalen.test.GroupedTests -->
