<?xml version="1.0" encoding="UTF-8"?>
<!-- Generated by org.testng.reporters.JUnitReportReporter -->
<testsuite hostname="DESKTOP-E71U01U" failures="0" tests="1" name="fh.aalen.test.VideoServiceTest" time="0.003" errors="0" timestamp="2025-06-19T14:35:42 MESZ" skipped="0">
  <testcase classname="fh.aalen.test.VideoServiceTest" name="createVideo" time="0.003"/>
</testsuite> <!-- fh.aalen.test.VideoServiceTest -->
