<?xml version="1.0" encoding="UTF-8"?>
<!-- Generated by org.testng.reporters.JUnitReportReporter -->
<testsuite hostname="DESKTOP-E71U01U" failures="0" tests="5" name="fh.aalen.test.DataProviderTest" time="0.502" errors="0" timestamp="2025-06-23T14:53:14 MESZ" skipped="0">
  <testcase classname="fh.aalen.test.DataProviderTest" name="testCreateVideoWithCombinations" time="0.013"/>
  <testcase classname="fh.aalen.test.DataProviderTest" name="testCreateVideoWithCombinations" time="0.451"/>
  <testcase classname="fh.aalen.test.DataProviderTest" name="testCreateVideoWithCombinations" time="0.009"/>
  <testcase classname="fh.aalen.test.DataProviderTest" name="testCreateVideoWithCombinations" time="0.010"/>
  <testcase classname="fh.aalen.test.DataProviderTest" name="testCreateVideoWithCombinations" time="0.019"/>
</testsuite> <!-- fh.aalen.test.DataProviderTest -->
