<?xml version="1.0" encoding="UTF-8"?>
<!-- Generated by org.testng.reporters.JUnitReportReporter -->
<testsuite hostname="DESKTOP-E71U01U" failures="0" tests="5" name="fh.aalen.test.DataDrivenTests" time="100.074" errors="0" timestamp="2025-06-22T16:24:02 MESZ" skipped="0">
  <testcase classname="fh.aalen.test.DataDrivenTests" name="testAddVideoWithGenre" time="20.015"/>
  <testcase classname="fh.aalen.test.DataDrivenTests" name="testAddVideoWithGenre" time="20.019"/>
  <testcase classname="fh.aalen.test.DataDrivenTests" name="testAddVideoWithGenre" time="20.011"/>
  <testcase classname="fh.aalen.test.DataDrivenTests" name="testAddVideoWithGenre" time="20.015"/>
  <testcase classname="fh.aalen.test.DataDrivenTests" name="testAddVideoWithGenre" time="20.014"/>
</testsuite> <!-- fh.aalen.test.DataDrivenTests -->
