<?xml version="1.0" encoding="UTF-8"?>
<!-- Generated by org.testng.reporters.JUnitReportReporter -->
<testsuite hostname="DESKTOP-E71U01U" failures="0" tests="3" name="fh.aalen.test.PersonServiceTest" time="0.035" errors="0" timestamp="2025-06-19T14:35:42 MESZ" skipped="0">
  <testcase classname="fh.aalen.test.PersonServiceTest" name="testUpdatePersonNotFound" time="0.003"/>
  <testcase classname="fh.aalen.test.PersonServiceTest" name="testAddPerson" time="0.010"/>
  <testcase classname="fh.aalen.test.PersonServiceTest" name="testAddPerson" time="0.022"/>
</testsuite> <!-- fh.aalen.test.PersonServiceTest -->
